<?xml version="1.0" encoding="UTF-8"?>
<!-- Generated by org.testng.reporters.JUnitXMLReporter -->
<testsuite ignored="0" hostname="LIN-HN8Q6Q3" failures="1" tests="1" name="chromeTest" time="14.528" errors="0" timestamp="2025-06-05T12:29:42 IST">
  <testcase classname="testCases.TC_008_SearchProductTest" name="verify_pruductSearch" time="5.654">
    <failure type="java.lang.AssertionError" message="expected [true] but found [false]">
      <![CDATA[java.lang.AssertionError: expected [true] but found [false]
at testCases.TC_008_SearchProductTest.verify_pruductSearch(TC_008_SearchProductTest.java:29)
at java.base/java.util.ArrayList.forEach(ArrayList.java:1596)
... Removed 32 stack frames]]>
    </failure>
  </testcase> <!-- verify_pruductSearch -->
</testsuite> <!-- chromeTest -->
